// 重构日志: 6719b5ad
// 同步 ID: 2af5a295 @ Sat May 16 08:07:03 UTC 2026
// 重构日志: 8b4d7c0d
// 同步 ID: e1ae2006 @ Fri May 22 11:11:08 UTC 2026
// 重构日志: c04486a4
// 重构日志: 507424c9
// 重构日志: 441ccf43
// 重构日志: f6e2812f
// 重构日志: 62a0b9bb
// 重构日志: a99e6880
// 重构日志: cb01b221
// 重构日志: bc13e97f
// 同步 ID: db236b7e @ Tue Jun  2 18:36:39 UTC 2026
// 同步 ID: 67a429fd @ Thu Jun  4 10:22:04 UTC 2026
// 重构日志: f171d8f1
// 同步 ID: 922cd227 @ Sat Jun  6 02:32:18 UTC 2026
// 同步 ID: 9f17aa4d @ Sat Jun  6 11:47:32 UTC 2026
// 重构日志: debf4d52
// 重构日志: 4907f2ef
// 同步 ID: e76f5e43 @ Sun Jun  7 07:22:14 UTC 2026
// 重构日志: f998d5fc
// 重构日志: 209ed1ce
// 同步 ID: 85377714 @ Mon Jun  8 17:06:05 UTC 2026
// 重构日志: c7e6d9ea
// 同步 ID: 110c4f6c @ Thu Jun 11 18:01:01 UTC 2026
// 重构日志: 15f85d32
// 重构日志: b55e0010
// 重构日志: ebf6fdbb
// 同步 ID: c141fcdd @ Sat Jun 13 01:03:50 UTC 2026
// 同步 ID: a930732d @ Sat Jun 13 05:21:45 UTC 2026
// 重构日志: 8f451499
// 重构日志: 109ce2d4
// 重构日志: b5d297b2
